<?xml version="1.0" encoding="UTF-8"?>
<!-- Generated by org.testng.reporters.JUnitXMLReporter -->
<testsuite ignored="4" hostname="Dark-Saber" failures="0" tests="1" name="Surefire test" time="2.445" errors="0" timestamp="2025-10-07T21:41:07 IST">
  <testcase classname="NewFW.Day1Crud" name="PUTMeth" time="2.332"/>
  <testcase classname="NewFW.Day1Crud" name="DelMeth" time="0.0">
    <ignored/>
  </testcase> <!-- DelMeth -->
  <testcase classname="NewFW.Day1Crud" name="getMethod" time="0.0">
    <ignored/>
  </testcase> <!-- getMethod -->
  <testcase classname="NewFW.Day1Crud" name="PostMeth" time="0.0">
    <ignored/>
  </testcase> <!-- PostMeth -->
  <testcase classname="NewFW.Day1Crud" name="Bddgetmethod" time="0.0">
    <ignored/>
  </testcase> <!-- Bddgetmethod -->
</testsuite> <!-- Surefire test -->
