<?xml version="1.0" encoding="UTF-8"?>
<!-- Generated by org.testng.reporters.JUnitXMLReporter -->
<testsuite ignored="0" hostname="Dark-Saber" failures="0" tests="4" name="Default test" time="27.565" errors="0" timestamp="2025-06-21T16:46:23 IST">
  <testcase classname="API.Test.UserTests" name="TestPostUser" time="8.314"/>
  <testcase classname="API.Test.UserTests" name="TestGetUser" time="4.751"/>
  <testcase classname="API.Test.UserTests" name="TestUpdateUser" time="9.378"/>
  <testcase classname="API.Test.UserTests" name="TestDeleteUser" time="4.629"/>
</testsuite> <!-- Default test -->
