<?xml version="1.0" encoding="UTF-8"?>
<!-- Generated by org.testng.reporters.JUnitXMLReporter -->
<testsuite ignored="4" hostname="Dark-Saber" failures="0" tests="1" name="Default test" time="6.628" errors="0" timestamp="2025-06-13T09:04:36 IST">
  <testcase classname="BasicRequest.Authentication" name="BasicAuthOne" time="6.47"/>
  <testcase classname="BasicRequest.Authentication" name="DigestAuth" time="0.0">
    <ignored/>
  </testcase> <!-- DigestAuth -->
  <testcase classname="BasicRequest.Authentication" name="BasicAuth" time="0.0">
    <ignored/>
  </testcase> <!-- BasicAuth -->
  <testcase classname="BasicRequest.Authentication" name="PreemptiveAuth" time="0.0">
    <ignored/>
  </testcase> <!-- PreemptiveAuth -->
  <testcase classname="BasicRequest.Authentication" name="BearerToken" time="0.0">
    <ignored/>
  </testcase> <!-- BearerToken -->
</testsuite> <!-- Default test -->
