<?xml version="1.0" encoding="UTF-8"?>
<testng-results ignored="0" total="1" passed="1" failed="0" skipped="0">
  <reporter-output>
  </reporter-output>
  <suite started-at="2025-10-07T21:41:05 IST" name="Surefire suite" finished-at="2025-10-07T21:41:07 IST" duration-ms="2445">
    <groups>
    </groups>
    <test started-at="2025-10-07T21:41:05 IST" name="Surefire test" finished-at="2025-10-07T21:41:07 IST" duration-ms="2445">
      <class name="NewFW.Day1Crud">
        <test-method signature="PUTMeth()[pri:0, instance:NewFW.Day1Crud@2ea41516]" started-at="2025-10-07T21:41:05 IST" name="PUTMeth" finished-at="2025-10-07T21:41:07 IST" duration-ms="2332" status="PASS">
          <reporter-output>
          </reporter-output>
        </test-method> <!-- PUTMeth -->
      </class> <!-- NewFW.Day1Crud -->
    </test> <!-- Surefire test -->
  </suite> <!-- Surefire suite -->
</testng-results>
