<?xml version="1.0" encoding="UTF-8"?>
<testng-results ignored="0" total="4" passed="4" failed="0" skipped="0">
  <reporter-output>
  </reporter-output>
  <suite started-at="2025-06-21T16:53:18 IST" name="PetSuite" finished-at="2025-06-21T16:53:47 IST" duration-ms="28795">
    <groups>
    </groups>
    <test started-at="2025-06-21T16:53:18 IST" name="PetTest" finished-at="2025-06-21T16:53:47 IST" duration-ms="28795">
      <class name="API.Test.UserTests">
        <test-method is-config="true" signature="setupData()[pri:0, instance:API.Test.UserTests@498d318c]" started-at="2025-06-21T16:53:19 IST" name="setupData" finished-at="2025-06-21T16:53:19 IST" duration-ms="747" status="PASS">
          <reporter-output>
          </reporter-output>
        </test-method> <!-- setupData -->
        <test-method signature="TestPostUser()[pri:1, instance:API.Test.UserTests@498d318c]" started-at="2025-06-21T16:53:19 IST" name="TestPostUser" finished-at="2025-06-21T16:53:28 IST" duration-ms="8817" status="PASS">
          <reporter-output>
          </reporter-output>
        </test-method> <!-- TestPostUser -->
        <test-method signature="TestGetUser()[pri:2, instance:API.Test.UserTests@498d318c]" started-at="2025-06-21T16:53:28 IST" name="TestGetUser" finished-at="2025-06-21T16:53:33 IST" duration-ms="4685" status="PASS">
          <reporter-output>
          </reporter-output>
        </test-method> <!-- TestGetUser -->
        <test-method signature="TestUpdateUser()[pri:3, instance:API.Test.UserTests@498d318c]" started-at="2025-06-21T16:53:33 IST" name="TestUpdateUser" finished-at="2025-06-21T16:53:42 IST" duration-ms="9396" status="PASS">
          <reporter-output>
          </reporter-output>
        </test-method> <!-- TestUpdateUser -->
        <test-method signature="TestDeleteUser()[pri:4, instance:API.Test.UserTests@498d318c]" started-at="2025-06-21T16:53:42 IST" name="TestDeleteUser" finished-at="2025-06-21T16:53:47 IST" duration-ms="4629" status="PASS">
          <reporter-output>
          </reporter-output>
        </test-method> <!-- TestDeleteUser -->
      </class> <!-- API.Test.UserTests -->
    </test> <!-- PetTest -->
  </suite> <!-- PetSuite -->
</testng-results>
