<?xml version="1.0" encoding="UTF-8"?>
<!-- Generated by org.testng.reporters.JUnitXMLReporter -->
<testsuite ignored="0" hostname="Dark-Saber" failures="1" tests="4" name="PetTest" time="39.681" errors="0" timestamp="2025-10-07T21:38:13 IST">
  <testcase classname="API.Test.UserTests" name="TestPostUser" time="10.884"/>
  <testcase classname="API.Test.UserTests" name="TestGetUser" time="6.794">
    <failure type="java.lang.AssertionError" message="expected [200] but found [404]">
      <![CDATA[java.lang.AssertionError: expected [200] but found [404]
at API.Test.UserTests.TestGetUser(UserTests.java:42)
at java.base/java.util.ArrayList.forEach(ArrayList.java:1596)
... Removed 36 stack frames]]>
    </failure>
  </testcase> <!-- TestGetUser -->
  <testcase classname="API.Test.UserTests" name="TestUpdateUser" time="15.614"/>
  <testcase classname="API.Test.UserTests" name="TestDeleteUser" time="5.691"/>
</testsuite> <!-- PetTest -->
