<?xml version="1.0" encoding="UTF-8"?>
<!-- Generated by org.testng.reporters.JUnitXMLReporter -->
<testsuite ignored="0" hostname="Dark-Saber" failures="0" tests="4" name="PetTest" time="27.67" errors="0" timestamp="2025-06-21T16:48:20 IST">
  <testcase classname="API.Test.UserTests" name="TestPostUser" time="7.81"/>
  <testcase classname="API.Test.UserTests" name="TestGetUser" time="4.718"/>
  <testcase classname="API.Test.UserTests" name="TestUpdateUser" time="9.352"/>
  <testcase classname="API.Test.UserTests" name="TestDeleteUser" time="4.747"/>
</testsuite> <!-- PetTest -->
